[22:13:12] [INIT] KubeJS 2001.6.5-build.7; MC 2001 forge
[22:13:12] [INIT] Loaded plugins:
[22:13:12] [INIT] - dev.latvian.mods.kubejs.forge.BuiltinKubeJSForgePlugin
[22:13:12] [INIT] - com.lowdragmc.lowdraglib.kjs.LDLibKubeJSPlugin
[22:13:12] [INIT] - io.github.mortuusars.exposure.integration.kubejs.ExposureJSPlugin
[22:13:12] [INIT] - su.terrafirmagreg.core.compat.kjs.TFGKubeJSPlugin
[22:13:12] [INIT] - dev.ftb.mods.ftbxmodcompat.ftbquests.kubejs.KubeJSIntegration
[22:13:12] [INIT] - dev.ftb.mods.ftbxmodcompat.ftbteams.kubejs.FTBTeamsKubeJSPlugin
[22:13:12] [INIT] - dev.ftb.mods.ftbxmodcompat.ftbfiltersystem.kubejs.FFSKubeJSPlugin
[22:13:12] [INIT] - com.almostreliable.lootjs.kube.LootJSPlugin
[22:13:12] [INIT] - com.blakebr0.cucumber.compat.kubejs.CucumberKubeJSPlugin
[22:13:12] [INIT] - com.gregtechceu.gtceu.integration.kjs.GregTechKubeJSPlugin
[22:13:12] [INIT] - argent_matter.gcyr.integration.kjs.GCyRKubeJSPlugin
[22:13:12] [INIT] - com.notenoughmail.kubejs_tfc.KubeJSTFCPlugin
[22:13:12] [INIT] - com.notenoughmail.kubejs_tfc.addons.firmalife.FirmaLifePlugin
[22:13:12] [INIT] - com.notenoughmail.kubejs_tfc.addons.tfccc.TFCCCPlugin
[22:13:12] [INIT] - dev.latvian.mods.kubejs.create.KubeJSCreatePlugin
[22:13:14] [INFO] Loaded script startup_scripts:main_startup_script.js in 0.07 s
[22:13:14] [INFO] Loaded script startup_scripts:firmalife/constants.js in 0.011 s
[22:13:14] [INFO] Loaded script startup_scripts:tfc/constants.js in 0.02 s
[22:13:14] [INFO] Loaded script startup_scripts:horornot/constants.js in 0.001 s
[22:13:14] [INFO] Loaded script startup_scripts:railways/constants.js in 0.012 s
[22:13:14] [INFO] Loaded script startup_scripts:gtceu/items.js in 0.001 s
[22:13:14] [INFO] Loaded script startup_scripts:gtceu/constants.js in 0.0 s
[22:13:14] [INFO] Loaded script startup_scripts:gtceu/blocks.js in 0.0 s
[22:13:14] [INFO] Loaded script startup_scripts:gtceu/machines.js in 0.002 s
[22:13:14] [INFO] Loaded script startup_scripts:gtceu/material_info.js in 0.001 s
[22:13:14] [INFO] Loaded script startup_scripts:gtceu/recipe_types.js in 0.001 s
[22:13:14] [INFO] Loaded script startup_scripts:create_additions/constants.js in 0.0 s
[22:13:14] [INFO] Loaded script startup_scripts:more_red/constants.js in 0.0 s
[22:13:14] [INFO] Loaded script startup_scripts:ftb_quests/constants.js in 0.001 s
[22:13:14] [INFO] Loaded script startup_scripts:ae2/constants.js in 0.005 s
[22:13:14] [INFO] Loaded script startup_scripts:asticor_carts/constants.js in 0.0 s
[22:13:14] [INFO] Loaded script startup_scripts:sophisticated_backpacks/constants.js in 0.0 s
[22:13:14] [INFO] Loaded script startup_scripts:firmaciv/constants.js in 0.001 s
[22:13:14] [INFO] Loaded script startup_scripts:firmaciv/blocks.js in 0.0 s
[22:13:14] [INFO] Loaded script startup_scripts:mega_cells/constants.js in 0.001 s
[22:13:14] [INFO] Loaded script startup_scripts:minecraft/constants.js in 0.006 s
[22:13:14] [INFO] Loaded script startup_scripts:computer_craft/constants.js in 0.0 s
[22:13:14] [INFO] Loaded script startup_scripts:extended_ae2/constants.js in 0.0 s
[22:13:14] [INFO] Loaded script startup_scripts:create/constants.js in 0.003 s
[22:13:14] [INFO] Loaded script startup_scripts:framedblocks/constants.js in 0.0 s
[22:13:14] [INFO] Loaded script startup_scripts:chisel_and_bits/constants.js in 0.001 s
[22:13:14] [INFO] Loaded 26/26 KubeJS startup scripts in 1.405 s with 0 errors and 0 warnings
