[25Aug.2024 11:10:31.067] [Server thread/INFO] [net.minecraft.server.players.PlayerList/]: BernhardBMX[/212.86.60.211:59716] logged in with entity id 25838 at (1351.143750011921, 69.0, 1816.0277466192913)
[25Aug.2024 11:10:31.131] [Server thread/INFO] [net.minecraft.server.MinecraftServer/]: BernhardBMX joined the game
[25Aug.2024 11:10:31.134] [Server thread/INFO] [fallingtrees | Config/]: Sending BernhardBMX common config 'fallingtrees:fallingtrees_common'
[25Aug.2024 11:10:31.138] [Server thread/INFO] [xaero.pac.OpenPartiesAndClaims/]: Updating all forceload tickets for 43992341-d42d-3bbd-a390-480ca3107a1e
[25Aug.2024 11:10:31.149] [Server thread/INFO] [Jade/]: Syncing config to BernhardBMX (43992341-d42d-3bbd-a390-480ca3107a1e)
[25Aug.2024 11:10:31.149] [Server thread/INFO] [net.dries007.tfc.util.calendar.CalendarEventHandler/]: Player Logged In - Checking for Calendar Updates.
[25Aug.2024 11:10:31.150] [Server thread/INFO] [net.dries007.tfc.util.calendar.Calendar/]: Calendar = true, Daylight = true due to players logged in
[25Aug.2024 11:10:33.226] [Netty Epoll Server IO #7/INFO] [fallingtrees | Config/]: Received config 'fallingtrees:fallingtrees_client' from BernhardBMX
[25Aug.2024 11:10:41.666] [Server thread/INFO] [do_a_barrel_roll/]: Client of BernhardBMX accepted server config.
[25Aug.2024 11:12:03.673] [Server thread/INFO] [net.minecraft.server.players.PlayerList/]: Specky04[/93.201.71.70:50590] logged in with entity id 25904 at (1346.5248061507311, 70.0, 1812.8903144914782)
[25Aug.2024 11:12:03.735] [Server thread/INFO] [net.minecraft.server.MinecraftServer/]: Specky04 joined the game
[25Aug.2024 11:12:03.765] [Server thread/INFO] [fallingtrees | Config/]: Sending Specky04 common config 'fallingtrees:fallingtrees_common'
[25Aug.2024 11:12:03.768] [Server thread/INFO] [xaero.pac.OpenPartiesAndClaims/]: Updating all forceload tickets for a25ee67f-2d45-36ed-96cd-95b9f8175abb
[25Aug.2024 11:12:03.776] [Server thread/INFO] [Jade/]: Syncing config to Specky04 (a25ee67f-2d45-36ed-96cd-95b9f8175abb)
[25Aug.2024 11:12:03.776] [Server thread/INFO] [net.dries007.tfc.util.calendar.CalendarEventHandler/]: Player Logged In - Checking for Calendar Updates.
[25Aug.2024 11:12:03.776] [Server thread/INFO] [net.dries007.tfc.util.calendar.Calendar/]: Calendar = true, Daylight = true due to players logged in
[25Aug.2024 11:12:05.690] [Netty Epoll Server IO #1/INFO] [fallingtrees | Config/]: Received config 'fallingtrees:fallingtrees_client' from Specky04
[25Aug.2024 11:12:21.845] [Server thread/INFO] [do_a_barrel_roll/]: Client of Specky04 accepted server config.
[25Aug.2024 11:14:22.476] [Server thread/INFO] [net.minecraft.server.players.PlayerList/]: Timmi2005[/212.86.60.211:52312] logged in with entity id 26029 at (1355.896696455553, 69.0, 1817.0731348449492)
[25Aug.2024 11:14:22.537] [Server thread/INFO] [net.minecraft.server.MinecraftServer/]: Timmi2005 joined the game
[25Aug.2024 11:14:22.564] [Server thread/INFO] [fallingtrees | Config/]: Sending Timmi2005 common config 'fallingtrees:fallingtrees_common'
[25Aug.2024 11:14:22.566] [Server thread/INFO] [xaero.pac.OpenPartiesAndClaims/]: Updating all forceload tickets for b77f3960-5beb-36f2-97ac-7aba38268682
[25Aug.2024 11:14:22.574] [Server thread/INFO] [Jade/]: Syncing config to Timmi2005 (b77f3960-5beb-36f2-97ac-7aba38268682)
[25Aug.2024 11:14:22.574] [Server thread/INFO] [net.dries007.tfc.util.calendar.CalendarEventHandler/]: Player Logged In - Checking for Calendar Updates.
[25Aug.2024 11:14:22.574] [Server thread/INFO] [net.dries007.tfc.util.calendar.Calendar/]: Calendar = true, Daylight = true due to players logged in
[25Aug.2024 11:14:24.589] [Netty Epoll Server IO #3/INFO] [fallingtrees | Config/]: Received config 'fallingtrees:fallingtrees_client' from Timmi2005
[25Aug.2024 11:14:32.975] [Server thread/INFO] [do_a_barrel_roll/]: Client of Timmi2005 accepted server config.
[25Aug.2024 11:36:38.911] [Server thread/WARN] [net.minecraft.server.level.ServerLevel/]: Tried to add entity tfc:squid but it was marked as removed already
[25Aug.2024 11:39:56.484] [Server thread/INFO] [net.dries007.tfc.TerraFirmaCraft/]: Collapse started at pos BlockPos{x=1428, y=51, z=1834}, with the block column Block{tfc:rock/raw/basalt}[axis=y] -> (start: Block{tfc:rock/raw/basalt}[axis=y]) -> Block{minecraft:air}
[25Aug.2024 11:42:37.479] [Server thread/INFO] [net.dries007.tfc.TerraFirmaCraft/]: Collapse started at pos BlockPos{x=1430, y=51, z=1832}, with the block column Block{gtceu:basalt_chalcopyrite_ore} -> (start: Block{tfc:rock/raw/basalt}[axis=y]) -> Block{minecraft:air}
[25Aug.2024 11:42:59.505] [Server thread/WARN] [net.minecraft.server.level.ServerLevel/]: Tried to add entity tfc:squid but it was marked as removed already
[25Aug.2024 11:52:07.159] [Server thread/WARN] [net.minecraft.server.level.ServerLevel/]: Tried to add entity tfc:squid but it was marked as removed already
[25Aug.2024 11:52:40.307] [Server thread/WARN] [net.minecraft.server.level.ServerLevel/]: Tried to add entity tfc:squid but it was marked as removed already
[25Aug.2024 11:57:01.356] [Server thread/WARN] [net.minecraft.server.level.ServerLevel/]: Tried to add entity tfc:squid but it was marked as removed already
[25Aug.2024 11:57:01.356] [Server thread/WARN] [net.minecraft.server.level.ServerLevel/]: Tried to add entity tfc:squid but it was marked as removed already
[25Aug.2024 11:57:01.357] [Server thread/WARN] [net.minecraft.server.level.ServerLevel/]: Tried to add entity tfc:squid but it was marked as removed already
[25Aug.2024 11:58:45.105] [Server thread/WARN] [net.minecraft.server.level.ServerLevel/]: Tried to add entity tfc:squid but it was marked as removed already
[25Aug.2024 11:59:01.854] [Server thread/WARN] [net.minecraft.server.level.ServerLevel/]: Tried to add entity tfc:squid but it was marked as removed already
[25Aug.2024 12:08:36.708] [Server thread/WARN] [net.minecraft.server.level.ServerLevel/]: Tried to add entity tfc:squid but it was marked as removed already
[25Aug.2024 12:08:36.708] [Server thread/WARN] [net.minecraft.server.level.ServerLevel/]: Tried to add entity tfc:squid but it was marked as removed already
[25Aug.2024 12:10:15.207] [Server thread/WARN] [net.minecraft.server.level.ServerLevel/]: Tried to add entity tfc:squid but it was marked as removed already
[25Aug.2024 12:10:34.866] [Server thread/WARN] [net.minecraft.server.level.ServerLevel/]: Tried to add entity tfc:squid but it was marked as removed already
[25Aug.2024 12:13:52.057] [Server thread/WARN] [net.minecraft.server.level.ServerLevel/]: Tried to add entity tfc:squid but it was marked as removed already
[25Aug.2024 12:16:10.066] [Server thread/WARN] [net.minecraft.server.level.ServerLevel/]: Tried to add entity tfc:squid but it was marked as removed already
[25Aug.2024 12:16:10.560] [Server thread/WARN] [net.minecraft.server.level.ServerLevel/]: Tried to add entity tfc:squid but it was marked as removed already
[25Aug.2024 12:16:11.159] [Server thread/WARN] [net.minecraft.server.level.ServerLevel/]: Tried to add entity tfc:squid but it was marked as removed already
[25Aug.2024 12:17:09.821] [Server thread/WARN] [net.minecraft.server.level.ServerPlayerGameMode/]: Mismatch in destroy block pos: BlockPos{x=118, y=63, z=-48} BlockPos{x=118, y=62, z=-48}
[25Aug.2024 12:49:47.660] [Server thread/WARN] [net.minecraft.server.level.ServerLevel/]: Tried to add entity tfc:squid but it was marked as removed already
[25Aug.2024 12:52:27.009] [Server thread/WARN] [net.minecraft.server.level.ServerLevel/]: Tried to add entity tfc:squid but it was marked as removed already
[25Aug.2024 12:57:34.808] [Server thread/WARN] [net.minecraft.server.level.ServerLevel/]: Tried to add entity tfc:squid but it was marked as removed already
[25Aug.2024 12:57:52.332] [Server thread/INFO] [net.minecraft.server.MinecraftServer/]: [Not Secure] <Specky04> xaero-waypoint:Shared Location:S:1087:49:2117:11:false:0:Internal-overworld-waypoints
[25Aug.2024 12:58:23.323] [Server thread/INFO] [net.minecraft.server.MinecraftServer/]: Timmi2005 is bleeding. Timmi2005 was killed by magic
[25Aug.2024 12:59:03.768] [Server thread/INFO] [net.minecraft.server.MinecraftServer/]: [Not Secure] <Timmi2005> xaero-waypoint:Shared Location:S:992:81:1816:1:false:0:Internal-overworld-waypoints
[25Aug.2024 12:59:23.320] [Server thread/INFO] [net.minecraft.server.MinecraftServer/]: Timmi2005 was killed by magic
[25Aug.2024 12:59:25.734] [Server thread/WARN] [dev.gigaherz.toolbelt.slot.BeltExtensionSlot/]: New entity has data, contents assigned.
[25Aug.2024 12:59:25.770] [Server thread/INFO] [do_a_barrel_roll/]: Client of Timmi2005 accepted server config.
[25Aug.2024 13:01:02.256] [Server thread/WARN] [net.minecraft.server.level.ServerLevel/]: Tried to add entity tfc:squid but it was marked as removed already
[25Aug.2024 13:08:40.912] [Server thread/INFO] [net.minecraft.server.MinecraftServer/]: Specky04 is bleeding. Specky04 was killed by magic
[25Aug.2024 13:27:27.959] [Server thread/INFO] [net.minecraft.server.network.ServerGamePacketListenerImpl/]: Timmi2005 lost connection: Disconnected
[25Aug.2024 13:27:27.960] [Server thread/INFO] [net.minecraft.server.MinecraftServer/]: Timmi2005 left the game
[25Aug.2024 13:27:27.960] [Server thread/INFO] [xaero.pac.OpenPartiesAndClaims/]: Updating all forceload tickets for b77f3960-5beb-36f2-97ac-7aba38268682
[25Aug.2024 13:27:27.961] [Server thread/INFO] [net.dries007.tfc.util.calendar.CalendarEventHandler/]: Player Logged Out - Checking for Calendar Updates.
[25Aug.2024 13:27:27.961] [Server thread/INFO] [net.dries007.tfc.util.calendar.Calendar/]: Calendar = true, Daylight = true due to players logged in
[25Aug.2024 13:28:56.916] [Server thread/INFO] [net.minecraft.server.players.PlayerList/]: Timmi2005[/212.86.60.211:53343] logged in with entity id 51474 at (1360.5662646928372, 69.0, 1814.2027296587505)
[25Aug.2024 13:28:56.982] [Server thread/INFO] [net.minecraft.server.MinecraftServer/]: Timmi2005 joined the game
[25Aug.2024 13:28:57.013] [Server thread/INFO] [fallingtrees | Config/]: Sending Timmi2005 common config 'fallingtrees:fallingtrees_common'
[25Aug.2024 13:28:57.015] [Server thread/INFO] [xaero.pac.OpenPartiesAndClaims/]: Updating all forceload tickets for b77f3960-5beb-36f2-97ac-7aba38268682
[25Aug.2024 13:28:57.055] [Server thread/INFO] [Jade/]: Syncing config to Timmi2005 (b77f3960-5beb-36f2-97ac-7aba38268682)
[25Aug.2024 13:28:57.056] [Server thread/INFO] [net.dries007.tfc.util.calendar.CalendarEventHandler/]: Player Logged In - Checking for Calendar Updates.
[25Aug.2024 13:28:57.056] [Server thread/INFO] [net.dries007.tfc.util.calendar.Calendar/]: Calendar = true, Daylight = true due to players logged in
[25Aug.2024 13:28:58.946] [Netty Epoll Server IO #1/INFO] [fallingtrees | Config/]: Received config 'fallingtrees:fallingtrees_client' from Timmi2005
[25Aug.2024 13:29:05.877] [Server thread/INFO] [do_a_barrel_roll/]: Client of Timmi2005 accepted server config.
[25Aug.2024 13:40:49.996] [Server thread/WARN] [net.minecraft.server.network.ServerGamePacketListenerImpl/]: BernhardBMX moved wrongly!
[25Aug.2024 13:44:26.649] [Server thread/WARN] [net.minecraft.server.level.ServerPlayerGameMode/]: Mismatch in destroy block pos: BlockPos{x=1354, y=63, z=1832} BlockPos{x=1354, y=62, z=1832}
[25Aug.2024 13:54:25.355] [Server thread/WARN] [net.minecraft.server.level.ServerLevel/]: Tried to add entity tfc:squid but it was marked as removed already
[25Aug.2024 13:55:41.157] [Server thread/WARN] [net.minecraft.server.level.ServerLevel/]: Tried to add entity tfc:squid but it was marked as removed already
[25Aug.2024 13:57:54.827] [Server thread/INFO] [net.minecraft.server.MinecraftServer/]: [Not Secure] <BernhardBMX> xaero-waypoint:Home:S:1355:68:1819:2:false:0:Internal-overworld-waypoints
[25Aug.2024 14:02:08.711] [Server thread/WARN] [net.minecraft.server.level.ServerLevel/]: Tried to add entity tfc:squid but it was marked as removed already
[25Aug.2024 14:07:54.605] [Server thread/WARN] [net.minecraft.server.level.ServerLevel/]: Tried to add entity tfc:squid but it was marked as removed already
[25Aug.2024 14:17:39.895] [Server thread/INFO] [net.minecraft.server.network.ServerGamePacketListenerImpl/]: Specky04 lost connection: Disconnected
[25Aug.2024 14:17:39.896] [Server thread/INFO] [net.minecraft.server.MinecraftServer/]: Specky04 left the game
[25Aug.2024 14:17:39.896] [Server thread/INFO] [xaero.pac.OpenPartiesAndClaims/]: Updating all forceload tickets for a25ee67f-2d45-36ed-96cd-95b9f8175abb
[25Aug.2024 14:17:39.897] [Server thread/INFO] [net.dries007.tfc.util.calendar.CalendarEventHandler/]: Player Logged Out - Checking for Calendar Updates.
[25Aug.2024 14:17:39.897] [Server thread/INFO] [net.dries007.tfc.util.calendar.Calendar/]: Calendar = true, Daylight = true due to players logged in
[25Aug.2024 14:39:53.084] [Server thread/INFO] [net.minecraft.server.players.PlayerList/]: Specky04[/93.201.71.70:54504] logged in with entity id 59051 at (1349.2232657087825, 69.0, 1816.2687947926006)
[25Aug.2024 14:39:53.128] [Server thread/INFO] [net.minecraft.server.MinecraftServer/]: Specky04 joined the game
[25Aug.2024 14:39:53.173] [Server thread/INFO] [fallingtrees | Config/]: Sending Specky04 common config 'fallingtrees:fallingtrees_common'
[25Aug.2024 14:39:53.175] [Server thread/INFO] [xaero.pac.OpenPartiesAndClaims/]: Updating all forceload tickets for a25ee67f-2d45-36ed-96cd-95b9f8175abb
[25Aug.2024 14:39:53.183] [Server thread/INFO] [Jade/]: Syncing config to Specky04 (a25ee67f-2d45-36ed-96cd-95b9f8175abb)
[25Aug.2024 14:39:53.184] [Server thread/INFO] [net.dries007.tfc.util.calendar.CalendarEventHandler/]: Player Logged In - Checking for Calendar Updates.
[25Aug.2024 14:39:53.184] [Server thread/INFO] [net.dries007.tfc.util.calendar.Calendar/]: Calendar = true, Daylight = true due to players logged in
[25Aug.2024 14:39:55.244] [Netty Epoll Server IO #1/INFO] [fallingtrees | Config/]: Received config 'fallingtrees:fallingtrees_client' from Specky04
[25Aug.2024 14:40:10.916] [Server thread/INFO] [do_a_barrel_roll/]: Client of Specky04 accepted server config.
[25Aug.2024 15:09:24.622] [Server thread/INFO] [net.minecraft.server.network.ServerGamePacketListenerImpl/]: Specky04 lost connection: Disconnected
[25Aug.2024 15:09:24.622] [Server thread/INFO] [net.minecraft.server.MinecraftServer/]: Specky04 left the game
[25Aug.2024 15:09:24.623] [Server thread/INFO] [xaero.pac.OpenPartiesAndClaims/]: Updating all forceload tickets for a25ee67f-2d45-36ed-96cd-95b9f8175abb
[25Aug.2024 15:09:24.624] [Server thread/INFO] [net.dries007.tfc.util.calendar.CalendarEventHandler/]: Player Logged Out - Checking for Calendar Updates.
[25Aug.2024 15:09:24.624] [Server thread/INFO] [net.dries007.tfc.util.calendar.Calendar/]: Calendar = true, Daylight = true due to players logged in
[25Aug.2024 15:11:35.767] [Server thread/INFO] [net.minecraft.server.network.ServerGamePacketListenerImpl/]: BernhardBMX lost connection: Disconnected
[25Aug.2024 15:11:35.768] [Server thread/INFO] [net.minecraft.server.MinecraftServer/]: BernhardBMX left the game
[25Aug.2024 15:11:35.769] [Server thread/INFO] [xaero.pac.OpenPartiesAndClaims/]: Updating all forceload tickets for 43992341-d42d-3bbd-a390-480ca3107a1e
[25Aug.2024 15:11:35.769] [Server thread/INFO] [net.dries007.tfc.util.calendar.CalendarEventHandler/]: Player Logged Out - Checking for Calendar Updates.
[25Aug.2024 15:11:35.770] [Server thread/INFO] [net.dries007.tfc.util.calendar.Calendar/]: Calendar = true, Daylight = true due to players logged in
[25Aug.2024 15:35:56.671] [Server thread/INFO] [net.minecraft.server.network.ServerLoginPacketListenerImpl/]: com.mojang.authlib.GameProfile@336d56fd[id=<null>,name=BernhardBMX,properties={},legacy=false] (/212.86.60.211:54762) lost connection: Disconnected
[25Aug.2024 15:46:04.081] [Server thread/INFO] [net.minecraft.server.MinecraftServer/]: Timmi2005 has made the advancement [Sweet Dreams]
[25Aug.2024 15:49:51.537] [Server thread/INFO] [net.minecraft.server.players.PlayerList/]: Specky04[/93.201.71.70:55246] logged in with entity id 64164 at (1108.1239888231569, 71.0, 1980.1825290921645)
[25Aug.2024 15:49:51.582] [Server thread/INFO] [net.minecraft.server.MinecraftServer/]: Specky04 joined the game
[25Aug.2024 15:49:51.591] [Server thread/INFO] [fallingtrees | Config/]: Sending Specky04 common config 'fallingtrees:fallingtrees_common'
[25Aug.2024 15:49:51.593] [Server thread/INFO] [xaero.pac.OpenPartiesAndClaims/]: Updating all forceload tickets for a25ee67f-2d45-36ed-96cd-95b9f8175abb
[25Aug.2024 15:49:51.602] [Server thread/INFO] [Jade/]: Syncing config to Specky04 (a25ee67f-2d45-36ed-96cd-95b9f8175abb)
[25Aug.2024 15:49:51.602] [Server thread/INFO] [net.dries007.tfc.util.calendar.CalendarEventHandler/]: Player Logged In - Checking for Calendar Updates.
[25Aug.2024 15:49:51.602] [Server thread/INFO] [net.dries007.tfc.util.calendar.Calendar/]: Calendar = true, Daylight = true due to players logged in
[25Aug.2024 15:49:53.882] [Netty Epoll Server IO #4/INFO] [fallingtrees | Config/]: Received config 'fallingtrees:fallingtrees_client' from Specky04
[25Aug.2024 15:50:09.196] [Server thread/INFO] [do_a_barrel_roll/]: Client of Specky04 accepted server config.
[25Aug.2024 15:57:07.421] [Server thread/INFO] [net.minecraft.server.network.ServerGamePacketListenerImpl/]: Specky04 lost connection: Disconnected
[25Aug.2024 15:57:07.422] [Server thread/INFO] [net.minecraft.server.MinecraftServer/]: Specky04 left the game
[25Aug.2024 15:57:07.422] [Server thread/INFO] [xaero.pac.OpenPartiesAndClaims/]: Updating all forceload tickets for a25ee67f-2d45-36ed-96cd-95b9f8175abb
[25Aug.2024 15:57:07.422] [Server thread/INFO] [net.dries007.tfc.util.calendar.CalendarEventHandler/]: Player Logged Out - Checking for Calendar Updates.
[25Aug.2024 15:57:07.423] [Server thread/INFO] [net.dries007.tfc.util.calendar.Calendar/]: Calendar = true, Daylight = true due to players logged in
[25Aug.2024 15:57:14.769] [Server thread/INFO] [net.minecraft.server.players.PlayerList/]: Specky04[/93.201.71.70:55272] logged in with entity id 64397 at (978.0509946267949, 66.0, 1934.2760215968567)
[25Aug.2024 15:57:14.819] [Server thread/INFO] [net.minecraft.server.MinecraftServer/]: Specky04 joined the game
[25Aug.2024 15:57:14.825] [Server thread/INFO] [fallingtrees | Config/]: Sending Specky04 common config 'fallingtrees:fallingtrees_common'
[25Aug.2024 15:57:14.827] [Server thread/INFO] [xaero.pac.OpenPartiesAndClaims/]: Updating all forceload tickets for a25ee67f-2d45-36ed-96cd-95b9f8175abb
[25Aug.2024 15:57:14.835] [Server thread/INFO] [Jade/]: Syncing config to Specky04 (a25ee67f-2d45-36ed-96cd-95b9f8175abb)
[25Aug.2024 15:57:14.835] [Server thread/INFO] [net.dries007.tfc.util.calendar.CalendarEventHandler/]: Player Logged In - Checking for Calendar Updates.
[25Aug.2024 15:57:14.836] [Server thread/INFO] [net.dries007.tfc.util.calendar.Calendar/]: Calendar = true, Daylight = true due to players logged in
[25Aug.2024 15:57:16.898] [Netty Epoll Server IO #6/INFO] [fallingtrees | Config/]: Received config 'fallingtrees:fallingtrees_client' from Specky04
[25Aug.2024 15:57:34.785] [Server thread/INFO] [do_a_barrel_roll/]: Client of Specky04 accepted server config.
[25Aug.2024 15:59:14.973] [Server thread/INFO] [net.minecraft.server.network.ServerGamePacketListenerImpl/]: Specky04 lost connection: Timed out
[25Aug.2024 15:59:14.974] [Server thread/INFO] [net.minecraft.server.MinecraftServer/]: Specky04 left the game
[25Aug.2024 15:59:14.974] [Server thread/INFO] [xaero.pac.OpenPartiesAndClaims/]: Updating all forceload tickets for a25ee67f-2d45-36ed-96cd-95b9f8175abb
[25Aug.2024 15:59:14.974] [Server thread/INFO] [net.dries007.tfc.util.calendar.CalendarEventHandler/]: Player Logged Out - Checking for Calendar Updates.
[25Aug.2024 15:59:14.975] [Server thread/INFO] [net.dries007.tfc.util.calendar.Calendar/]: Calendar = true, Daylight = true due to players logged in
[25Aug.2024 16:01:29.616] [Server thread/INFO] [net.minecraft.server.players.PlayerList/]: Specky04[/93.201.71.70:55569] logged in with entity id 64621 at (972.0508647928053, 65.0, 1935.3701500519212)
[25Aug.2024 16:01:29.665] [Server thread/INFO] [net.minecraft.server.MinecraftServer/]: Specky04 joined the game
[25Aug.2024 16:01:29.670] [Server thread/INFO] [fallingtrees | Config/]: Sending Specky04 common config 'fallingtrees:fallingtrees_common'
[25Aug.2024 16:01:29.672] [Server thread/INFO] [xaero.pac.OpenPartiesAndClaims/]: Updating all forceload tickets for a25ee67f-2d45-36ed-96cd-95b9f8175abb
[25Aug.2024 16:01:29.680] [Server thread/INFO] [Jade/]: Syncing config to Specky04 (a25ee67f-2d45-36ed-96cd-95b9f8175abb)
[25Aug.2024 16:01:29.680] [Server thread/INFO] [net.dries007.tfc.util.calendar.CalendarEventHandler/]: Player Logged In - Checking for Calendar Updates.
[25Aug.2024 16:01:29.680] [Server thread/INFO] [net.dries007.tfc.util.calendar.Calendar/]: Calendar = true, Daylight = true due to players logged in
[25Aug.2024 16:01:31.818] [Netty Epoll Server IO #1/INFO] [fallingtrees | Config/]: Received config 'fallingtrees:fallingtrees_client' from Specky04
[25Aug.2024 16:01:46.616] [Server thread/INFO] [do_a_barrel_roll/]: Client of Specky04 accepted server config.
[25Aug.2024 16:27:07.717] [Server thread/WARN] [net.minecraft.server.level.ServerPlayerGameMode/]: Mismatch in destroy block pos: BlockPos{x=1366, y=67, z=1816} BlockPos{x=1367, y=68, z=1816}
[25Aug.2024 16:27:07.839] [Server thread/WARN] [net.minecraft.server.level.ServerPlayerGameMode/]: Mismatch in destroy block pos: BlockPos{x=1367, y=67, z=1816} BlockPos{x=1367, y=68, z=1816}
[25Aug.2024 16:37:49.229] [Server thread/INFO] [net.minecraft.server.MinecraftServer/]: [Not Secure] <Specky04> xaero-waypoint:olive october:O:1385:71:1769:10:false:0:Internal-overworld-waypoints
[25Aug.2024 16:38:42.821] [Server thread/INFO] [net.minecraft.server.players.PlayerList/]: BernhardBMX[/212.86.60.211:57140] logged in with entity id 66600 at (1350.5324811367907, 68.0, 1826.699999988079)
[25Aug.2024 16:38:42.869] [Server thread/INFO] [net.minecraft.server.MinecraftServer/]: BernhardBMX joined the game
[25Aug.2024 16:38:42.902] [Server thread/INFO] [fallingtrees | Config/]: Sending BernhardBMX common config 'fallingtrees:fallingtrees_common'
[25Aug.2024 16:38:42.905] [Server thread/INFO] [xaero.pac.OpenPartiesAndClaims/]: Updating all forceload tickets for 43992341-d42d-3bbd-a390-480ca3107a1e
[25Aug.2024 16:38:42.914] [Server thread/INFO] [Jade/]: Syncing config to BernhardBMX (43992341-d42d-3bbd-a390-480ca3107a1e)
[25Aug.2024 16:38:42.914] [Server thread/INFO] [net.dries007.tfc.util.calendar.CalendarEventHandler/]: Player Logged In - Checking for Calendar Updates.
[25Aug.2024 16:38:42.914] [Server thread/INFO] [net.dries007.tfc.util.calendar.Calendar/]: Calendar = true, Daylight = true due to players logged in
[25Aug.2024 16:38:44.945] [Netty Epoll Server IO #5/INFO] [fallingtrees | Config/]: Received config 'fallingtrees:fallingtrees_client' from BernhardBMX
[25Aug.2024 16:38:53.967] [Server thread/INFO] [do_a_barrel_roll/]: Client of BernhardBMX accepted server config.
[25Aug.2024 16:41:55.006] [Server thread/WARN] [net.minecraft.server.level.ServerLevel/]: Tried to add entity tfc:squid but it was marked as removed already
[25Aug.2024 16:43:31.516] [Server thread/INFO] [net.minecraft.server.MinecraftServer/]: Gamerule playersSleepingPercentage is now set to: 1
[25Aug.2024 16:43:36.344] [Server thread/INFO] [net.minecraft.server.MinecraftServer/]: Unknown or incomplete command, see below for error
[25Aug.2024 16:43:36.344] [Server thread/INFO] [net.minecraft.server.MinecraftServer/]: msg Hi<--[HERE]
[25Aug.2024 16:43:50.414] [Server thread/INFO] [net.minecraft.server.MinecraftServer/]: Unknown or incomplete command, see below for error
[25Aug.2024 16:43:50.414] [Server thread/INFO] [net.minecraft.server.MinecraftServer/]: tell Hi<--[HERE]
[25Aug.2024 16:43:56.968] [Server thread/INFO] [net.minecraft.server.MinecraftServer/]: [Not Secure] [Server] Hi
[25Aug.2024 16:50:06.870] [Server thread/INFO] [net.minecraft.server.MinecraftServer/]: BernhardBMX has made the advancement [Sweet Dreams]
[25Aug.2024 17:24:07.689] [Server thread/INFO] [net.minecraft.server.MinecraftServer/]: Specky04 has made the advancement [Sweet Dreams]
[25Aug.2024 17:33:01.506] [Server thread/WARN] [net.minecraft.server.level.ServerLevel/]: Tried to add entity tfc:squid but it was marked as removed already
[25Aug.2024 17:54:37.962] [Server thread/INFO] [net.minecraft.server.network.ServerGamePacketListenerImpl/]: BernhardBMX lost connection: Timed out
[25Aug.2024 17:54:37.962] [Server thread/INFO] [net.minecraft.server.MinecraftServer/]: BernhardBMX left the game
[25Aug.2024 17:54:37.963] [Server thread/INFO] [xaero.pac.OpenPartiesAndClaims/]: Updating all forceload tickets for 43992341-d42d-3bbd-a390-480ca3107a1e
[25Aug.2024 17:54:37.963] [Server thread/INFO] [net.dries007.tfc.util.calendar.CalendarEventHandler/]: Player Logged Out - Checking for Calendar Updates.
[25Aug.2024 17:54:37.964] [Server thread/INFO] [net.dries007.tfc.util.calendar.Calendar/]: Calendar = true, Daylight = true due to players logged in
[25Aug.2024 17:56:13.568] [Server thread/INFO] [net.minecraft.server.players.PlayerList/]: BernhardBMX[/212.86.60.211:60916] logged in with entity id 73791 at (1370.587558770325, 69.0, 1818.132131120663)
[25Aug.2024 17:56:13.633] [Server thread/INFO] [net.minecraft.server.MinecraftServer/]: BernhardBMX joined the game
[25Aug.2024 17:56:13.668] [Server thread/INFO] [fallingtrees | Config/]: Sending BernhardBMX common config 'fallingtrees:fallingtrees_common'
[25Aug.2024 17:56:13.671] [Server thread/INFO] [xaero.pac.OpenPartiesAndClaims/]: Updating all forceload tickets for 43992341-d42d-3bbd-a390-480ca3107a1e
[25Aug.2024 17:56:13.678] [Server thread/INFO] [Jade/]: Syncing config to BernhardBMX (43992341-d42d-3bbd-a390-480ca3107a1e)
[25Aug.2024 17:56:13.678] [Server thread/INFO] [net.dries007.tfc.util.calendar.CalendarEventHandler/]: Player Logged In - Checking for Calendar Updates.
[25Aug.2024 17:56:13.678] [Server thread/INFO] [net.dries007.tfc.util.calendar.Calendar/]: Calendar = true, Daylight = true due to players logged in
[25Aug.2024 17:56:15.614] [Netty Epoll Server IO #4/INFO] [fallingtrees | Config/]: Received config 'fallingtrees:fallingtrees_client' from BernhardBMX
[25Aug.2024 17:56:23.493] [Server thread/INFO] [do_a_barrel_roll/]: Client of BernhardBMX accepted server config.
[25Aug.2024 18:12:51.166] [Server thread/INFO] [net.minecraft.server.MinecraftServer/]: Timmi2005 is bleeding. Timmi2005 burned to death
[25Aug.2024 18:14:36.857] [Server thread/INFO] [net.minecraft.server.network.ServerGamePacketListenerImpl/]: Timmi2005 lost connection: Disconnected
[25Aug.2024 18:14:36.858] [Server thread/INFO] [net.minecraft.server.MinecraftServer/]: Timmi2005 left the game
[25Aug.2024 18:14:36.858] [Server thread/INFO] [xaero.pac.OpenPartiesAndClaims/]: Updating all forceload tickets for b77f3960-5beb-36f2-97ac-7aba38268682
[25Aug.2024 18:14:36.859] [Server thread/INFO] [net.dries007.tfc.util.calendar.CalendarEventHandler/]: Player Logged Out - Checking for Calendar Updates.
[25Aug.2024 18:14:36.859] [Server thread/INFO] [net.dries007.tfc.util.calendar.Calendar/]: Calendar = true, Daylight = true due to players logged in
[25Aug.2024 18:14:43.510] [Server thread/INFO] [net.minecraft.server.network.ServerGamePacketListenerImpl/]: BernhardBMX lost connection: Disconnected
[25Aug.2024 18:14:43.511] [Server thread/INFO] [net.minecraft.server.MinecraftServer/]: BernhardBMX left the game
[25Aug.2024 18:14:43.511] [Server thread/INFO] [xaero.pac.OpenPartiesAndClaims/]: Updating all forceload tickets for 43992341-d42d-3bbd-a390-480ca3107a1e
[25Aug.2024 18:14:43.511] [Server thread/INFO] [net.dries007.tfc.util.calendar.CalendarEventHandler/]: Player Logged Out - Checking for Calendar Updates.
[25Aug.2024 18:14:43.511] [Server thread/INFO] [net.dries007.tfc.util.calendar.Calendar/]: Calendar = true, Daylight = true due to players logged in
[25Aug.2024 18:19:20.056] [Server thread/WARN] [net.minecraft.server.level.ServerLevel/]: Tried to add entity tfc:squid but it was marked as removed already
[25Aug.2024 18:20:19.504] [Server thread/WARN] [net.minecraft.server.level.ServerLevel/]: Tried to add entity tfc:squid but it was marked as removed already
[25Aug.2024 18:58:01.366] [Server thread/INFO] [net.minecraft.server.players.PlayerList/]: BernhardBMX[/212.86.60.211:62770] logged in with entity id 76241 at (1360.4375620449275, 69.0, 1815.0369709981244)
[25Aug.2024 18:58:01.415] [Server thread/INFO] [net.minecraft.server.MinecraftServer/]: BernhardBMX joined the game
[25Aug.2024 18:58:01.446] [Server thread/INFO] [fallingtrees | Config/]: Sending BernhardBMX common config 'fallingtrees:fallingtrees_common'
[25Aug.2024 18:58:01.448] [Server thread/INFO] [xaero.pac.OpenPartiesAndClaims/]: Updating all forceload tickets for 43992341-d42d-3bbd-a390-480ca3107a1e
[25Aug.2024 18:58:01.456] [Server thread/INFO] [Jade/]: Syncing config to BernhardBMX (43992341-d42d-3bbd-a390-480ca3107a1e)
[25Aug.2024 18:58:01.456] [Server thread/INFO] [net.dries007.tfc.util.calendar.CalendarEventHandler/]: Player Logged In - Checking for Calendar Updates.
[25Aug.2024 18:58:01.456] [Server thread/INFO] [net.dries007.tfc.util.calendar.Calendar/]: Calendar = true, Daylight = true due to players logged in
[25Aug.2024 18:58:03.434] [Netty Epoll Server IO #5/INFO] [fallingtrees | Config/]: Received config 'fallingtrees:fallingtrees_client' from BernhardBMX
[25Aug.2024 18:58:12.380] [Server thread/INFO] [do_a_barrel_roll/]: Client of BernhardBMX accepted server config.
[25Aug.2024 19:00:02.121] [Server thread/INFO] [net.minecraft.server.players.PlayerList/]: Timmi2005[/212.86.60.211:61699] logged in with entity id 76349 at (1363.300000011921, 69.0, 1812.288389213176)
[25Aug.2024 19:00:02.163] [Server thread/INFO] [net.minecraft.server.MinecraftServer/]: Timmi2005 joined the game
[25Aug.2024 19:00:02.196] [Server thread/INFO] [fallingtrees | Config/]: Sending Timmi2005 common config 'fallingtrees:fallingtrees_common'
[25Aug.2024 19:00:02.198] [Server thread/INFO] [xaero.pac.OpenPartiesAndClaims/]: Updating all forceload tickets for b77f3960-5beb-36f2-97ac-7aba38268682
[25Aug.2024 19:00:02.205] [Server thread/INFO] [Jade/]: Syncing config to Timmi2005 (b77f3960-5beb-36f2-97ac-7aba38268682)
[25Aug.2024 19:00:02.205] [Server thread/INFO] [net.dries007.tfc.util.calendar.CalendarEventHandler/]: Player Logged In - Checking for Calendar Updates.
[25Aug.2024 19:00:02.205] [Server thread/INFO] [net.dries007.tfc.util.calendar.Calendar/]: Calendar = true, Daylight = true due to players logged in
[25Aug.2024 19:00:04.116] [Netty Epoll Server IO #7/INFO] [fallingtrees | Config/]: Received config 'fallingtrees:fallingtrees_client' from Timmi2005
[25Aug.2024 19:00:11.663] [Server thread/INFO] [do_a_barrel_roll/]: Client of Timmi2005 accepted server config.
[25Aug.2024 19:05:15.164] [Server thread/INFO] [net.minecraft.server.MinecraftServer/]: [Not Secure] <Specky04> xaero-waypoint:bull:B:1520:62:1504:14:false:0:Internal-overworld-waypoints
[25Aug.2024 19:13:58.693] [Server thread/WARN] [net.minecraft.server.level.ServerPlayerGameMode/]: Mismatch in destroy block pos: BlockPos{x=643, y=77, z=1088} BlockPos{x=642, y=75, z=1088}
[25Aug.2024 19:15:39.049] [Server thread/INFO] [net.dries007.tfc.TerraFirmaCraft/]: Collapse started at pos BlockPos{x=1421, y=45, z=1835}, with the block column Block{tfc:rock/raw/basalt}[axis=y] -> (start: Block{tfc:rock/raw/basalt}[axis=y]) -> Block{minecraft:air}
[25Aug.2024 19:18:11.552] [Server thread/INFO] [net.dries007.tfc.TerraFirmaCraft/]: Collapse started at pos BlockPos{x=1429, y=45, z=1826}, with the block column Block{tfc:rock/raw/basalt}[axis=y] -> (start: Block{gtceu:basalt_iron_ore}) -> Block{minecraft:air}
[25Aug.2024 19:20:46.000] [Server thread/INFO] [net.dries007.tfc.TerraFirmaCraft/]: Collapse started at pos BlockPos{x=1429, y=51, z=1833}, with the block column Block{tfc:rock/raw/basalt}[axis=y] -> (start: Block{tfc:rock/raw/basalt}[axis=y]) -> Block{minecraft:air}
[25Aug.2024 19:52:54.443] [Server thread/INFO] [net.dries007.tfc.TerraFirmaCraft/]: Collapse started at pos BlockPos{x=1358, y=58, z=1821}, with the block column Block{tfc:rock/raw/basalt}[axis=y] -> (start: Block{tfc:rock/raw/basalt}[axis=y]) -> Block{minecraft:air}
[25Aug.2024 19:53:01.941] [Server thread/INFO] [net.dries007.tfc.TerraFirmaCraft/]: Collapse started at pos BlockPos{x=1358, y=58, z=1820}, with the block column Block{tfc:rock/raw/basalt}[axis=y] -> (start: Block{tfc:rock/raw/basalt}[axis=y]) -> Block{tfc:wood/vertical_support/hickory}[east=false,fluid=empty,north=false,south=false,west=false]
[25Aug.2024 20:34:57.678] [Server thread/WARN] [net.minecraft.server.level.ServerPlayerGameMode/]: Mismatch in destroy block pos: BlockPos{x=1334, y=71, z=1802} BlockPos{x=1332, y=70, z=1802}
[25Aug.2024 20:34:57.697] [Server thread/WARN] [net.minecraft.server.level.ServerPlayerGameMode/]: Mismatch in destroy block pos: BlockPos{x=1334, y=71, z=1802} BlockPos{x=1332, y=70, z=1802}
[25Aug.2024 20:34:57.803] [Server thread/WARN] [net.minecraft.server.level.ServerPlayerGameMode/]: Mismatch in destroy block pos: BlockPos{x=1334, y=71, z=1802} BlockPos{x=1332, y=70, z=1802}
[25Aug.2024 21:43:35.111] [Server thread/INFO] [net.minecraft.server.network.ServerGamePacketListenerImpl/]: Timmi2005 lost connection: Disconnected
[25Aug.2024 21:43:35.112] [Server thread/INFO] [net.minecraft.server.MinecraftServer/]: Timmi2005 left the game
[25Aug.2024 21:43:35.112] [Server thread/INFO] [xaero.pac.OpenPartiesAndClaims/]: Updating all forceload tickets for b77f3960-5beb-36f2-97ac-7aba38268682
[25Aug.2024 21:43:35.113] [Server thread/INFO] [net.dries007.tfc.util.calendar.CalendarEventHandler/]: Player Logged Out - Checking for Calendar Updates.
[25Aug.2024 21:43:35.113] [Server thread/INFO] [net.dries007.tfc.util.calendar.Calendar/]: Calendar = true, Daylight = true due to players logged in
[25Aug.2024 21:43:38.115] [Server thread/INFO] [net.minecraft.server.network.ServerGamePacketListenerImpl/]: Specky04 lost connection: Disconnected
[25Aug.2024 21:43:38.115] [Server thread/INFO] [net.minecraft.server.MinecraftServer/]: Specky04 left the game
[25Aug.2024 21:43:38.116] [Server thread/INFO] [xaero.pac.OpenPartiesAndClaims/]: Updating all forceload tickets for a25ee67f-2d45-36ed-96cd-95b9f8175abb
[25Aug.2024 21:43:38.116] [Server thread/INFO] [net.dries007.tfc.util.calendar.CalendarEventHandler/]: Player Logged Out - Checking for Calendar Updates.
[25Aug.2024 21:43:38.116] [Server thread/INFO] [net.dries007.tfc.util.calendar.Calendar/]: Calendar = true, Daylight = true due to players logged in
[25Aug.2024 21:43:57.761] [Server thread/INFO] [net.minecraft.server.MinecraftServer/]: Stopping the server
[25Aug.2024 21:43:57.813] [Server thread/INFO] [net.minecraft.server.MinecraftServer/]: Stopping server
[25Aug.2024 21:43:57.814] [Server thread/INFO] [net.minecraft.server.MinecraftServer/]: Saving players
[25Aug.2024 21:43:57.817] [Server thread/INFO] [net.minecraft.server.network.ServerGamePacketListenerImpl/]: BernhardBMX lost connection: Server closed
[25Aug.2024 21:43:57.818] [Server thread/INFO] [net.minecraft.server.MinecraftServer/]: BernhardBMX left the game
[25Aug.2024 21:43:57.818] [Server thread/INFO] [xaero.pac.OpenPartiesAndClaims/]: Updating all forceload tickets for 43992341-d42d-3bbd-a390-480ca3107a1e
[25Aug.2024 21:43:57.819] [Server thread/INFO] [net.dries007.tfc.util.calendar.CalendarEventHandler/]: Player Logged Out - Checking for Calendar Updates.
[25Aug.2024 21:43:57.819] [Server thread/INFO] [net.dries007.tfc.util.calendar.Calendar/]: Calendar = false, Daylight = false (true) due to no players logged in
[25Aug.2024 21:43:57.822] [Server thread/INFO] [net.minecraft.server.MinecraftServer/]: Saving worlds
[25Aug.2024 21:43:58.039] [Server thread/INFO] [net.minecraft.server.MinecraftServer/]: Saving chunks for level 'ServerLevel[TerraFirmaGreg1]'/minecraft:overworld
[25Aug.2024 21:43:58.199] [Server thread/INFO] [net.minecraft.server.MinecraftServer/]: Saving chunks for level 'ServerLevel[TerraFirmaGreg1]'/gcyr:luna_orbit
[25Aug.2024 21:43:58.200] [Server thread/INFO] [net.minecraft.server.MinecraftServer/]: Saving chunks for level 'ServerLevel[TerraFirmaGreg1]'/gcyr:mercury
[25Aug.2024 21:43:58.202] [Server thread/INFO] [net.minecraft.server.MinecraftServer/]: Saving chunks for level 'ServerLevel[TerraFirmaGreg1]'/minecraft:the_end
[25Aug.2024 21:43:58.203] [Server thread/INFO] [net.minecraft.server.MinecraftServer/]: Saving chunks for level 'ServerLevel[TerraFirmaGreg1]'/gcyr:mars_orbit
[25Aug.2024 21:43:58.205] [Server thread/INFO] [net.minecraft.server.MinecraftServer/]: Saving chunks for level 'ServerLevel[TerraFirmaGreg1]'/gcyr:mars
[25Aug.2024 21:43:58.206] [Server thread/INFO] [net.minecraft.server.MinecraftServer/]: Saving chunks for level 'ServerLevel[TerraFirmaGreg1]'/gcyr:overworld_orbit
[25Aug.2024 21:43:58.207] [Server thread/INFO] [net.minecraft.server.MinecraftServer/]: Saving chunks for level 'ServerLevel[TerraFirmaGreg1]'/gcyr:luna
[25Aug.2024 21:43:58.208] [Server thread/INFO] [net.minecraft.server.MinecraftServer/]: Saving chunks for level 'ServerLevel[TerraFirmaGreg1]'/gcyr:mercury_orbit
[25Aug.2024 21:43:58.210] [Server thread/INFO] [net.minecraft.server.MinecraftServer/]: Saving chunks for level 'ServerLevel[TerraFirmaGreg1]'/gcyr:venus_orbit
[25Aug.2024 21:43:58.211] [Server thread/INFO] [net.minecraft.server.MinecraftServer/]: Saving chunks for level 'ServerLevel[TerraFirmaGreg1]'/gcyr:venus
[25Aug.2024 21:43:58.211] [Server thread/INFO] [net.minecraft.server.MinecraftServer/]: Saving chunks for level 'ServerLevel[TerraFirmaGreg1]'/minecraft:the_nether
[25Aug.2024 21:43:58.212] [Server thread/INFO] [net.minecraft.server.MinecraftServer/]: Saving chunks for level 'ServerLevel[TerraFirmaGreg1]'/ae2:spatial_storage
[25Aug.2024 21:43:58.309] [Server thread/INFO] [net.minecraft.server.MinecraftServer/]: ThreadedAnvilChunkStorage (TerraFirmaGreg1): All chunks are saved
[25Aug.2024 21:43:58.309] [Server thread/INFO] [net.minecraft.server.MinecraftServer/]: ThreadedAnvilChunkStorage (luna_orbit): All chunks are saved
[25Aug.2024 21:43:58.309] [Server thread/INFO] [net.minecraft.server.MinecraftServer/]: ThreadedAnvilChunkStorage (mercury): All chunks are saved
[25Aug.2024 21:43:58.309] [Server thread/INFO] [net.minecraft.server.MinecraftServer/]: ThreadedAnvilChunkStorage (DIM1): All chunks are saved
[25Aug.2024 21:43:58.309] [Server thread/INFO] [net.minecraft.server.MinecraftServer/]: ThreadedAnvilChunkStorage (mars_orbit): All chunks are saved
[25Aug.2024 21:43:58.310] [Server thread/INFO] [net.minecraft.server.MinecraftServer/]: ThreadedAnvilChunkStorage (mars): All chunks are saved
[25Aug.2024 21:43:58.310] [Server thread/INFO] [net.minecraft.server.MinecraftServer/]: ThreadedAnvilChunkStorage (overworld_orbit): All chunks are saved
[25Aug.2024 21:43:58.310] [Server thread/INFO] [net.minecraft.server.MinecraftServer/]: ThreadedAnvilChunkStorage (luna): All chunks are saved
[25Aug.2024 21:43:58.310] [Server thread/INFO] [net.minecraft.server.MinecraftServer/]: ThreadedAnvilChunkStorage (mercury_orbit): All chunks are saved
[25Aug.2024 21:43:58.310] [Server thread/INFO] [net.minecraft.server.MinecraftServer/]: ThreadedAnvilChunkStorage (venus_orbit): All chunks are saved
[25Aug.2024 21:43:58.310] [Server thread/INFO] [net.minecraft.server.MinecraftServer/]: ThreadedAnvilChunkStorage (venus): All chunks are saved
[25Aug.2024 21:43:58.310] [Server thread/INFO] [net.minecraft.server.MinecraftServer/]: ThreadedAnvilChunkStorage (DIM-1): All chunks are saved
[25Aug.2024 21:43:58.310] [Server thread/INFO] [net.minecraft.server.MinecraftServer/]: ThreadedAnvilChunkStorage (spatial_storage): All chunks are saved
[25Aug.2024 21:43:58.310] [Server thread/INFO] [net.minecraft.server.MinecraftServer/]: ThreadedAnvilChunkStorage: All dimensions are saved
[25Aug.2024 21:43:58.389] [Server thread/INFO] [xaero.pac.OpenPartiesAndClaims/]: Stopping IO worker...
[25Aug.2024 21:43:58.398] [Server thread/INFO] [xaero.pac.OpenPartiesAndClaims/]: Stopped IO worker!
